Using pre-set license
Built from '2020.2/release' branch; Version is '2020.2.4f1 (becced5a802b) revision 12504301'; Using compiler version '192528614'; Build Type 'Release'
OS: 'Windows 10 Home; OS build 19042.1645; Version 2009; 64bit' Language: 'es' Physical Memory: 12155 MB
BatchMode: 1, IsHumanControllingUs: 0, StartBugReporterOnCrash: 0, Is64bit: 1, IsPro: 0

 COMMAND LINE ARGUMENTS:
C:\Program Files\Unity\Hub\Editor\2020.2.4f1\Editor\Unity.exe
-adb2
-batchMode
-noUpm
-name
AssetImportWorker0
-projectPath
C:/Users/Fer/Desktop/Sokoban-PEC03
-logFile
Logs/AssetImportWorker0.log
-srvPort
20644
Successfully changed project path to: C:/Users/Fer/Desktop/Sokoban-PEC03
C:/Users/Fer/Desktop/Sokoban-PEC03
Using Asset Import Pipeline V2.
Refreshing native plugins compatible for Editor in 83.74 ms, found 0 plugins.
Preloading 0 native plugins for Editor in 0.00 ms.
Initialize engine version: 2020.2.4f1 (becced5a802b)
[Subsystems] Discovering subsystems at path C:/Program Files/Unity/Hub/Editor/2020.2.4f1/Editor/Data/Resources/UnitySubsystems
[Subsystems] Discovering subsystems at path C:/Users/Fer/Desktop/Sokoban-PEC03/Assets
GfxDevice: creating device client; threaded=0
Direct3D:
    Version:  Direct3D 11.0 [level 11.0]
    Renderer: NVIDIA GeForce 920MX (ID=0x134f)
    Vendor:   
    VRAM:     2020 MB
    Driver:   23.21.13.8873
Initialize mono
Mono path[0] = 'C:/Program Files/Unity/Hub/Editor/2020.2.4f1/Editor/Data/Managed'
Mono path[1] = 'C:/Program Files/Unity/Hub/Editor/2020.2.4f1/Editor/Data/MonoBleedingEdge/lib/mono/unityjit'
Mono config path = 'C:/Program Files/Unity/Hub/Editor/2020.2.4f1/Editor/Data/MonoBleedingEdge/etc'
Using monoOptions --debugger-agent=transport=dt_socket,embedding=1,server=y,suspend=n,address=127.0.0.1:56084
Begin MonoManager ReloadAssembly
Registering precompiled unity dll's ...
Register platform support module: C:/Program Files/Unity/Hub/Editor/2020.2.4f1/Editor/Data/PlaybackEngines/WindowsStandaloneSupport/UnityEditor.WindowsStandalone.Extensions.dll
Registered in 0.003557 seconds.
Native extension for WindowsStandalone target not found
Refreshing native plugins compatible for Editor in 48.06 ms, found 0 plugins.
Preloading 0 native plugins for Editor in 0.00 ms.
Invoked RoslynAnalysisRunner static constructor.
RoslynAnalysisRunner will not be running.
RoslynAnalysisRunner has terminated.
Mono: successfully reloaded assembly
- Completed reload, in  2.012 seconds
Platform modules already initialized, skipping
Registering precompiled user dll's ...
Registered in 0.001211 seconds.
Begin MonoManager ReloadAssembly
Native extension for WindowsStandalone target not found
Refreshing native plugins compatible for Editor in 0.28 ms, found 0 plugins.
Preloading 0 native plugins for Editor in 0.00 ms.
Invoked RoslynAnalysisRunner static constructor.
RoslynAnalysisRunner will not be running.
RoslynAnalysisRunner has terminated.
Mono: successfully reloaded assembly
- Completed reload, in  1.596 seconds
Platform modules already initialized, skipping
========================================================================
Worker process is ready to serve import requests
Launched and connected shader compiler UnityShaderCompiler.exe after 0.08 seconds
Refreshing native plugins compatible for Editor in 0.35 ms, found 0 plugins.
Preloading 0 native plugins for Editor in 0.00 ms.
Unloading 1085 Unused Serialized files (Serialized files now loaded: 0)
System memory in use before: 56.2 MB.
System memory in use after: 56.3 MB.

Unloading 9 unused Assets to reduce memory usage. Loaded Objects now: 1528.
Total: 3.136300 ms (FindLiveObjects: 0.430900 ms CreateObjectMapping: 0.077800 ms MarkObjects: 2.550500 ms  DeleteObjects: 0.074600 ms)

========================================================================
Received Import Request.
  path: Assets/Resources/GameManager.prefab
  artifactKey: Guid(fa0ed0529cff32b4bac4008b50a8346b) Importer(815301076,1909f56bfc062723c751e8b465ee728b)
Start importing Assets/Resources/GameManager.prefab using Guid(fa0ed0529cff32b4bac4008b50a8346b) Importer(815301076,1909f56bfc062723c751e8b465ee728b)  -> (artifact id: 'c4a628a64a1fda3a5997eb6fd94ce5d3') in 0.126134 seconds
  Import took 0.131071 seconds .

========================================================================
Received Import Request.
  Time since last request: 0.000331 seconds.
  path: Assets/Resources/WALL.prefab
  artifactKey: Guid(676d50d33d10ed44187b8976a8369775) Importer(815301076,1909f56bfc062723c751e8b465ee728b)
Start importing Assets/Resources/WALL.prefab using Guid(676d50d33d10ed44187b8976a8369775) Importer(815301076,1909f56bfc062723c751e8b465ee728b)  -> (artifact id: '2fe24d2ded96ee7f4ffd362a1c26933b') in 0.012884 seconds
  Import took 0.017173 seconds .

========================================================================
Received Import Request.
  Time since last request: 0.000277 seconds.
  path: Assets/Resources/MainCamera.prefab
  artifactKey: Guid(b4908d03f16a6754aa9b6778974165af) Importer(815301076,1909f56bfc062723c751e8b465ee728b)
Start importing Assets/Resources/MainCamera.prefab using Guid(b4908d03f16a6754aa9b6778974165af) Importer(815301076,1909f56bfc062723c751e8b465ee728b)  -> (artifact id: '7a8a04c244ad2946a0d636fde127d6f1') in 0.014053 seconds
  Import took 0.017369 seconds .

========================================================================
Received Import Request.
  Time since last request: 0.000246 seconds.
  path: Assets/Resources/PROTA.prefab
  artifactKey: Guid(0b2c0b5c4cb68c045922b9d94c3f5d12) Importer(815301076,1909f56bfc062723c751e8b465ee728b)
Start importing Assets/Resources/PROTA.prefab using Guid(0b2c0b5c4cb68c045922b9d94c3f5d12) Importer(815301076,1909f56bfc062723c751e8b465ee728b)  -> (artifact id: 'deacb1ecabf9285e7d10b4870195d6f3') in 0.012531 seconds
  Import took 0.016201 seconds .

========================================================================
Received Import Request.
  Time since last request: 0.000255 seconds.
  path: Assets/Resources/Level.prefab
  artifactKey: Guid(fb3a77f7686fc9045bb9ca12897db701) Importer(815301076,1909f56bfc062723c751e8b465ee728b)
Start importing Assets/Resources/Level.prefab using Guid(fb3a77f7686fc9045bb9ca12897db701) Importer(815301076,1909f56bfc062723c751e8b465ee728b)  -> (artifact id: '01f2681cb17c74eb8f5eb71685d55792') in 0.011588 seconds
  Import took 0.014716 seconds .

========================================================================
Received Import Request.
  Time since last request: 0.000212 seconds.
  path: Assets/Resources/BOX.prefab
  artifactKey: Guid(0e04096809848aa45b18519aa4107037) Importer(815301076,1909f56bfc062723c751e8b465ee728b)
Start importing Assets/Resources/BOX.prefab using Guid(0e04096809848aa45b18519aa4107037) Importer(815301076,1909f56bfc062723c751e8b465ee728b)  -> (artifact id: 'c313c0f0b2ca6e4264b63982ebf2496c') in 0.011440 seconds
  Import took 0.014794 seconds .

========================================================================
Received Import Request.
  Time since last request: 0.000236 seconds.
  path: Assets/Resources/CROSS.prefab
  artifactKey: Guid(2f54c1b1cfaaada43a96c670cb69e5e7) Importer(815301076,1909f56bfc062723c751e8b465ee728b)
Start importing Assets/Resources/CROSS.prefab using Guid(2f54c1b1cfaaada43a96c670cb69e5e7) Importer(815301076,1909f56bfc062723c751e8b465ee728b)  -> (artifact id: 'bdbf108848005099dcc2f516f4d8592a') in 0.012065 seconds
  Import took 0.014409 seconds .

========================================================================
Received Import Request.
  Time since last request: 56.125329 seconds.
  path: Assets/Scenes/Stage10.unity
  artifactKey: Guid(65d3311c628ac7a41aaf115f697e7d79) Importer(815301076,1909f56bfc062723c751e8b465ee728b)
Start importing Assets/Scenes/Stage10.unity using Guid(65d3311c628ac7a41aaf115f697e7d79) Importer(815301076,1909f56bfc062723c751e8b465ee728b)  -> (artifact id: 'e8da4ab7435ba18b0a8d1f564dca3551') in 0.006702 seconds
  Import took 0.009853 seconds .

========================================================================
Received Import Request.
  Time since last request: 0.011963 seconds.
  path: Assets/Scenes/Stage10.unity
  artifactKey: Guid(65d3311c628ac7a41aaf115f697e7d79) Importer(815301076,1909f56bfc062723c751e8b465ee728b)
Start importing Assets/Scenes/Stage10.unity using Guid(65d3311c628ac7a41aaf115f697e7d79) Importer(815301076,1909f56bfc062723c751e8b465ee728b)  -> (artifact id: 'e8da4ab7435ba18b0a8d1f564dca3551') in 0.004021 seconds
  Import took 0.007200 seconds .

========================================================================
Received Import Request.
  Time since last request: 18.120486 seconds.
  path: Assets/BOX.png
  artifactKey: Guid(032225b31def3cc49a9425c0e401629c) Importer(815301076,1909f56bfc062723c751e8b465ee728b)
Start importing Assets/BOX.png using Guid(032225b31def3cc49a9425c0e401629c) Importer(815301076,1909f56bfc062723c751e8b465ee728b)  -> (artifact id: '7d29e1e90235ac0c2612291bbc280294') in 0.125859 seconds
  Import took 0.129625 seconds .

========================================================================
Received Import Request.
  Time since last request: 0.000100 seconds.
  path: Assets/NEXT.png
  artifactKey: Guid(3f363edc635f31d4186dc979418480c8) Importer(815301076,1909f56bfc062723c751e8b465ee728b)
Start importing Assets/NEXT.png using Guid(3f363edc635f31d4186dc979418480c8) Importer(815301076,1909f56bfc062723c751e8b465ee728b)  -> (artifact id: '54a254d7fb5443c97f535dd950f394de') in 0.056571 seconds
  Import took 0.059882 seconds .

========================================================================
Received Import Request.
  Time since last request: 0.000217 seconds.
  path: Assets/PROTA.png
  artifactKey: Guid(4d2ae80fe5e2d5e4ebc75ac34660eb64) Importer(815301076,1909f56bfc062723c751e8b465ee728b)
Start importing Assets/PROTA.png using Guid(4d2ae80fe5e2d5e4ebc75ac34660eb64) Importer(815301076,1909f56bfc062723c751e8b465ee728b)  -> (artifact id: '8a1c7668b137a3c2f5f6f47af0f32f46') in 0.056487 seconds
  Import took 0.060575 seconds .

========================================================================
Received Import Request.
  Time since last request: 0.000268 seconds.
  path: Assets/CROSS.png
  artifactKey: Guid(849c91b40d75edb4891115159b3e988d) Importer(815301076,1909f56bfc062723c751e8b465ee728b)
Start importing Assets/CROSS.png using Guid(849c91b40d75edb4891115159b3e988d) Importer(815301076,1909f56bfc062723c751e8b465ee728b)  -> (artifact id: '4e9eb68f86e09e35cbea95e3c5d2736e') in 0.049943 seconds
  Import took 0.055208 seconds .

========================================================================
Received Import Request.
  Time since last request: 0.000072 seconds.
  path: Assets/RESTART 1.png
  artifactKey: Guid(2c461dfa70702f04d983b3466d5feb78) Importer(815301076,1909f56bfc062723c751e8b465ee728b)
Start importing Assets/RESTART 1.png using Guid(2c461dfa70702f04d983b3466d5feb78) Importer(815301076,1909f56bfc062723c751e8b465ee728b)  -> (artifact id: 'b7052ea26eeab9f98a8989b4dfa1d9c5') in 0.051811 seconds
  Import took 0.056065 seconds .

========================================================================
Received Import Request.
  Time since last request: 0.000276 seconds.
  path: Assets/WALL.png
  artifactKey: Guid(97754882182dce14b8b1e13516edc1c3) Importer(815301076,1909f56bfc062723c751e8b465ee728b)
Start importing Assets/WALL.png using Guid(97754882182dce14b8b1e13516edc1c3) Importer(815301076,1909f56bfc062723c751e8b465ee728b)  -> (artifact id: '2838dbb7fda35d8b95726a0141486a90') in 0.056910 seconds
  Import took 0.059802 seconds .

========================================================================
Received Import Request.
  Time since last request: 88.000036 seconds.
  path: Assets/GameManager.cs
  artifactKey: Guid(5737b62b4be7e9a4c82723adae5da6ff) Importer(815301076,1909f56bfc062723c751e8b465ee728b)
Start importing Assets/GameManager.cs using Guid(5737b62b4be7e9a4c82723adae5da6ff) Importer(815301076,1909f56bfc062723c751e8b465ee728b)  -> (artifact id: '8b2c39fa2e544d663ff54f7d7fdfeb4c') in 0.011945 seconds
  Import took 0.014442 seconds .

========================================================================
Received Prepare
Registering precompiled user dll's ...
Registered in 0.000807 seconds.
Begin MonoManager ReloadAssembly
Native extension for WindowsStandalone target not found
Refreshing native plugins compatible for Editor in 0.21 ms, found 0 plugins.
Preloading 0 native plugins for Editor in 0.00 ms.
Invoked RoslynAnalysisRunner static constructor.
RoslynAnalysisRunner will not be running.
RoslynAnalysisRunner has terminated.
Mono: successfully reloaded assembly
- Completed reload, in  0.871 seconds
Platform modules already initialized, skipping
Refreshing native plugins compatible for Editor in 0.28 ms, found 0 plugins.
Preloading 0 native plugins for Editor in 0.00 ms.
Unloading 1080 Unused Serialized files (Serialized files now loaded: 0)
System memory in use before: 56.2 MB.
System memory in use after: 56.3 MB.

Unloading 4 unused Assets to reduce memory usage. Loaded Objects now: 1532.
Total: 2.521600 ms (FindLiveObjects: 0.135200 ms CreateObjectMapping: 0.035700 ms MarkObjects: 2.313800 ms  DeleteObjects: 0.034900 ms)

========================================================================
Received Import Request.
  Time since last request: 73.895319 seconds.
  path: Assets/SaveTest.cs
  artifactKey: Guid(b1e4da68655e8f148875ce487b497717) Importer(815301076,1909f56bfc062723c751e8b465ee728b)
Start importing Assets/SaveTest.cs using Guid(b1e4da68655e8f148875ce487b497717) Importer(815301076,1909f56bfc062723c751e8b465ee728b)  -> (artifact id: '74f2657e9a8e29aa2835e532cd17f054') in 0.009444 seconds
  Import took 0.011902 seconds .

========================================================================
Received Import Request.
  Time since last request: 0.000253 seconds.
  path: Assets/SaveManager.cs
  artifactKey: Guid(6a815740e4d431e4fbd91895b032386f) Importer(815301076,1909f56bfc062723c751e8b465ee728b)
Start importing Assets/SaveManager.cs using Guid(6a815740e4d431e4fbd91895b032386f) Importer(815301076,1909f56bfc062723c751e8b465ee728b)  -> (artifact id: '2d92b46dbfbfa4f8ed0b22bd14992f3e') in 0.008127 seconds
  Import took 0.010987 seconds .

========================================================================
Received Import Request.
  Time since last request: 0.000370 seconds.
  path: Assets/LevelBuilder.cs
  artifactKey: Guid(5f003a9b31d55aa4bbfb8fdfc0b168c1) Importer(815301076,1909f56bfc062723c751e8b465ee728b)
Start importing Assets/LevelBuilder.cs using Guid(5f003a9b31d55aa4bbfb8fdfc0b168c1) Importer(815301076,1909f56bfc062723c751e8b465ee728b)  -> (artifact id: 'c9328ebf7433eab5dc6b9c90f372918b') in 0.010619 seconds
  Import took 0.013179 seconds .

========================================================================
Received Import Request.
  Time since last request: 7.845416 seconds.
  path: Assets/NumStage.cs
  artifactKey: Guid(5c920e79d85ff0b4ea10b708255e1c41) Importer(815301076,1909f56bfc062723c751e8b465ee728b)
Start importing Assets/NumStage.cs using Guid(5c920e79d85ff0b4ea10b708255e1c41) Importer(815301076,1909f56bfc062723c751e8b465ee728b)  -> (artifact id: 'fce86081623e32e0dca54e188554af25') in 0.011474 seconds
  Import took 0.013643 seconds .

========================================================================
Received Import Request.
  Time since last request: 0.001968 seconds.
  path: Assets/NumStage.cs
  artifactKey: Guid(5c920e79d85ff0b4ea10b708255e1c41) Importer(815301076,1909f56bfc062723c751e8b465ee728b)
Start importing Assets/NumStage.cs using Guid(5c920e79d85ff0b4ea10b708255e1c41) Importer(815301076,1909f56bfc062723c751e8b465ee728b)  -> (artifact id: 'fce86081623e32e0dca54e188554af25') in 0.005290 seconds
  Import took 0.008950 seconds .

========================================================================
Received Import Request.
  Time since last request: 4.385053 seconds.
  path: Assets/Resources
  artifactKey: Guid(d5d3e1adbd3ece84188c770213725422) Importer(815301076,1909f56bfc062723c751e8b465ee728b)
Start importing Assets/Resources using Guid(d5d3e1adbd3ece84188c770213725422) Importer(815301076,1909f56bfc062723c751e8b465ee728b)  -> (artifact id: '80c0b7a38097bcd1ceaf144e413e6f3d') in 0.012293 seconds
  Import took 0.014888 seconds .

========================================================================
Received Import Request.
  Time since last request: 1.670704 seconds.
  path: Assets/Resources/LevelScene.unity
  artifactKey: Guid(b18c8413c98df1f4eb7162dcd4f31c90) Importer(815301076,1909f56bfc062723c751e8b465ee728b)
Start importing Assets/Resources/LevelScene.unity using Guid(b18c8413c98df1f4eb7162dcd4f31c90) Importer(815301076,1909f56bfc062723c751e8b465ee728b)  -> (artifact id: '124055d7b32a0586dc52ab5aa4c5a7bf') in 0.020940 seconds
  Import took 0.024058 seconds .

AssetImportWorkerClient::OnTransportError - code=2 error=End of file
